<?xml version="1.0" encoding="UTF-8"?>
<testng-results ignored="0" total="3" passed="3" failed="0" skipped="0">
  <reporter-output>
  </reporter-output>
  <suite started-at="2021-03-08T15:20:47 IST" name="Suite" finished-at="2021-03-08T15:20:52 IST" duration-ms="4797">
    <groups>
    </groups>
    <test started-at="2021-03-08T15:20:47 IST" name="Test" finished-at="2021-03-08T15:20:52 IST" duration-ms="4797">
      <class name="Testcase.GetRequest">
        <test-method signature="test1()[pri:0, instance:Testcase.GetRequest@5db45159]" started-at="2021-03-08T15:20:47 IST" name="test1" finished-at="2021-03-08T15:20:50 IST" duration-ms="2656" status="PASS">
          <reporter-output>
          </reporter-output>
        </test-method> <!-- test1 -->
        <test-method signature="test2()[pri:0, instance:Testcase.GetRequest@5db45159]" started-at="2021-03-08T15:20:50 IST" name="test2" finished-at="2021-03-08T15:20:51 IST" duration-ms="1178" status="PASS">
          <reporter-output>
          </reporter-output>
        </test-method> <!-- test2 -->
      </class> <!-- Testcase.GetRequest -->
      <class name="Testcase.PostRequest">
        <test-method signature="testPost()[pri:0, instance:Testcase.PostRequest@1460a8c0]" started-at="2021-03-08T15:20:51 IST" name="testPost" finished-at="2021-03-08T15:20:52 IST" duration-ms="905" status="PASS">
          <reporter-output>
          </reporter-output>
        </test-method> <!-- testPost -->
      </class> <!-- Testcase.PostRequest -->
    </test> <!-- Test -->
  </suite> <!-- Suite -->
</testng-results>
