<?xml version="1.0" encoding="UTF-8"?>
<testsuite xmlns:xsi="http://www.w3.org/2001/XMLSchema-instance" xsi:noNamespaceSchemaLocation="https://maven.apache.org/surefire/maven-surefire-plugin/xsd/surefire-test-report-3.0.xsd" version="3.0" name="TestSuite" time="5.456" tests="3" errors="0" skipped="0" failures="0">
  <properties>
[...]
</properties>
  <testcase name="test1" classname="Testcase.GetRequest" time="2.708">
    <system-out><![CDATA[Status code:200
Response time:1313
{"page":2,"per_page":6,"total":12,"total_pages":2,"data":[{"id":7,"email":"michael.lawson@reqres.in","first_name":"Michael","last_name":"Lawson","avatar":"https://reqres.in/img/faces/7-image.jpg"},{"id":8,"email":"lindsay.ferguson@reqres.in","first_name":"Lindsay","last_name":"Ferguson","avatar":"https://reqres.in/img/faces/8-image.jpg"},{"id":9,"email":"tobias.funke@reqres.in","first_name":"Tobias","last_name":"Funke","avatar":"https://reqres.in/img/faces/9-image.jpg"},{"id":10,"email":"byron.fields@reqres.in","first_name":"Byron","last_name":"Fields","avatar":"https://reqres.in/img/faces/10-image.jpg"},{"id":11,"email":"george.edwards@reqres.in","first_name":"George","last_name":"Edwards","avatar":"https://reqres.in/img/faces/11-image.jpg"},{"id":12,"email":"rachel.howell@reqres.in","first_name":"Rachel","last_name":"Howell","avatar":"https://reqres.in/img/faces/12-image.jpg"}],"support":{"url":"https://reqres.in/#support-heading","text":"To keep ReqRes free, contributions towards server costs are appreciated!"}}
HTTP/1.1 200 OK
application/json; charset=utf-8
]]></system-out>
  </testcase>
  <testcase name="test2" classname="Testcase.GetRequest" time="1.496">
    <system-out><![CDATA[HTTP/1.1 200 OK
Date: Mon, 08 Mar 2021 09:50:50 GMT
Content-Type: application/json; charset=utf-8
Transfer-Encoding: chunked
Connection: keep-alive
Set-Cookie: __cfduid=d20e9f0252aa0fce7405dbaeb1e41634b1615197050; expires=Wed, 07-Apr-21 09:50:50 GMT; path=/; domain=.reqres.in; HttpOnly; SameSite=Lax; Secure
X-Powered-By: Express
Access-Control-Allow-Origin: *
Etag: W/"406-ut0vzoCuidvyMf8arZpMpJ6ZRDw"
Via: 1.1 vegur
Cache-Control: max-age=14400
CF-Cache-Status: HIT
Age: 6535
cf-request-id: 08b2d82ec80000d9b4bfb8d000000001
Expect-CT: max-age=604800, report-uri="https://report-uri.cloudflare.com/cdn-cgi/beacon/expect-ct"
Report-To: {"group":"cf-nel","max_age":604800,"endpoints":[{"url":"https:\/\/a.nel.cloudflare.com\/report?s=aqq8mHQIq2HQYehU2aOyPi6z9aiFWBKLW%2Bt25GYb45W5aVhyohf50OuO0No2O6VsWAPq2XMq9C%2F63h2jjqUe1BksEPKyTszrNOo%3D"}]}
NEL: {"report_to":"cf-nel","max_age":604800}
Vary: Accept-Encoding
Server: cloudflare
CF-RAY: 62cb295e088cd9b4-SIN
Content-Encoding: gzip
alt-svc: h3-27=":443"; ma=86400, h3-28=":443"; ma=86400, h3-29=":443"; ma=86400

{
    "page": 2,
    "per_page": 6,
    "total": 12,
    "total_pages": 2,
    "data": [
        {
            "id": 7,
            "email": "michael.lawson@reqres.in",
            "first_name": "Michael",
            "last_name": "Lawson",
            "avatar": "https://reqres.in/img/faces/7-image.jpg"
        },
        {
            "id": 8,
            "email": "lindsay.ferguson@reqres.in",
            "first_name": "Lindsay",
            "last_name": "Ferguson",
            "avatar": "https://reqres.in/img/faces/8-image.jpg"
        },
        {
            "id": 9,
            "email": "tobias.funke@reqres.in",
            "first_name": "Tobias",
            "last_name": "Funke",
            "avatar": "https://reqres.in/img/faces/9-image.jpg"
        },
        {
            "id": 10,
            "email": "byron.fields@reqres.in",
            "first_name": "Byron",
            "last_name": "Fields",
            "avatar": "https://reqres.in/img/faces/10-image.jpg"
        },
        {
            "id": 11,
            "email": "george.edwards@reqres.in",
            "first_name": "George",
            "last_name": "Edwards",
            "avatar": "https://reqres.in/img/faces/11-image.jpg"
        },
        {
            "id": 12,
            "email": "rachel.howell@reqres.in",
            "first_name": "Rachel",
            "last_name": "Howell",
            "avatar": "https://reqres.in/img/faces/12-image.jpg"
        }
    ],
    "support": {
        "url": "https://reqres.in/#support-heading",
        "text": "To keep ReqRes free, contributions towards server costs are appreciated!"
    }
}
]]></system-out>
  </testcase>
  <testcase name="testPost" classname="Testcase.PostRequest" time="0.665">
    <system-out><![CDATA[{"name":"Dinesh","job":"Software professional"}
HTTP/1.1 415 Unsupported Media Type
Date: Mon, 08 Mar 2021 09:50:52 GMT
Content-Type: text/html; charset=utf-8
Transfer-Encoding: chunked
Connection: keep-alive
Set-Cookie: __cfduid=db90d313eea045cb31124d0576ce8137b1615197051; expires=Wed, 07-Apr-21 09:50:51 GMT; path=/; domain=.reqres.in; HttpOnly; SameSite=Lax; Secure
x-powered-by: Express
content-security-policy: default-src 'none'
x-content-type-options: nosniff
via: 1.1 vegur
CF-Cache-Status: DYNAMIC
cf-request-id: 08b2d833e20000189772b0e000000001
Expect-CT: max-age=604800, report-uri="https://report-uri.cloudflare.com/cdn-cgi/beacon/expect-ct"
Report-To: {"endpoints":[{"url":"https:\/\/a.nel.cloudflare.com\/report?s=slV5Vs8%2FKb31agiDgFyQRkflQBmt8eFBmzK%2B%2BfekFoXM2ffr%2B7CeUSfZMqhzRKyQbs%2FxRSmotdwmjdb49mVlA%2BaJJg7mZGDwrVQ%3D"}],"group":"cf-nel","max_age":604800}
NEL: {"report_to":"cf-nel","max_age":604800}
Server: cloudflare
CF-RAY: 62cb29662c741897-SIN

<html lang="en">
  <head>
    <meta charset="utf-8"/>
    <title>Error</title>
  </head>
  <body>
    <pre>Unsupported Media Type</pre>
  </body>
</html>
]]></system-out>
  </testcase>
</testsuite>