<?xml version="1.0" encoding="UTF-8"?>
<testng-results ignored="0" total="3" passed="3" failed="0" skipped="0">
  <reporter-output>
  </reporter-output>
  <suite started-at="2021-03-08T14:28:25 IST" name="Suite" finished-at="2021-03-08T14:28:30 IST" duration-ms="4313">
    <groups>
    </groups>
    <test started-at="2021-03-08T14:28:25 IST" name="Test" finished-at="2021-03-08T14:28:30 IST" duration-ms="4313">
      <class name="Testcase.GetRequest">
        <test-method signature="test1()[pri:0, instance:Testcase.GetRequest@29e495ff]" started-at="2021-03-08T14:28:26 IST" name="test1" finished-at="2021-03-08T14:28:28 IST" duration-ms="2207" status="PASS">
          <reporter-output>
          </reporter-output>
        </test-method> <!-- test1 -->
        <test-method signature="test2()[pri:0, instance:Testcase.GetRequest@29e495ff]" started-at="2021-03-08T14:28:28 IST" name="test2" finished-at="2021-03-08T14:28:29 IST" duration-ms="1232" status="PASS">
          <reporter-output>
          </reporter-output>
        </test-method> <!-- test2 -->
      </class> <!-- Testcase.GetRequest -->
      <class name="Testcase.PostRequest">
        <test-method signature="testPost()[pri:0, instance:Testcase.PostRequest@49912c99]" started-at="2021-03-08T14:28:29 IST" name="testPost" finished-at="2021-03-08T14:28:30 IST" duration-ms="821" status="PASS">
          <reporter-output>
          </reporter-output>
        </test-method> <!-- testPost -->
      </class> <!-- Testcase.PostRequest -->
    </test> <!-- Test -->
  </suite> <!-- Suite -->
</testng-results>
